Build started 10-06-2016 12:03:45.
     1>Project "C:\Users\Aravind Balla\Documents\rndsummer\client and server\socket_client\socket_client\socket_client.vcxproj" on node 2 (Build target(s)).
     1>ClCompile:
         C:\Program Files (x86)\Microsoft Visual Studio 12.0\VC\bin\CL.exe /c /ZI /nologo /W3 /WX- /Od /Oy- /D WIN32 /D _DEBUG /D _CONSOLE /D _UNICODE /D UNICODE /Gm /EHsc /RTC1 /MDd /GS /fp:precise /Zc:wchar_t /Zc:forScope /Yu"stdafx.h" /Fp"Debug\socket_client.pch" /Fo"Debug\\" /Fd"Debug\vc120.pdb" /Gd /TP /analyze- /errorReport:prompt WinClient.cpp
         WinClient.cpp
     1>c:\users\aravind balla\documents\rndsummer\client and server\socket_client\socket_client\winclient.cpp(1): warning C4627: '#include <winsock2.h>': skipped when looking for precompiled header use
                 Add directive to 'stdafx.h' or rebuild precompiled header
     1>c:\users\aravind balla\documents\rndsummer\client and server\socket_client\socket_client\winclient.cpp(91): warning C4996: 'fopen': This function or variable may be unsafe. Consider using fopen_s instead. To disable deprecation, use _CRT_SECURE_NO_WARNINGS. See online help for details.
                 c:\program files (x86)\microsoft visual studio 12.0\vc\include\stdio.h(211) : see declaration of 'fopen'
     1>c:\users\aravind balla\documents\rndsummer\client and server\socket_client\socket_client\winclient.cpp(118): warning C4996: 'fopen': This function or variable may be unsafe. Consider using fopen_s instead. To disable deprecation, use _CRT_SECURE_NO_WARNINGS. See online help for details.
                 c:\program files (x86)\microsoft visual studio 12.0\vc\include\stdio.h(211) : see declaration of 'fopen'
     1>c:\users\aravind balla\documents\rndsummer\client and server\socket_client\socket_client\winclient.cpp(74): warning C4101: 'c' : unreferenced local variable
     1>c:\users\aravind balla\documents\rndsummer\client and server\socket_client\socket_client\winclient.cpp(88): warning C4101: 'n' : unreferenced local variable
     1>c:\users\aravind balla\documents\rndsummer\client and server\socket_client\socket_client\winclient.cpp(88): warning C4101: 'j' : unreferenced local variable
     1>c:\users\aravind balla\documents\rndsummer\client and server\socket_client\socket_client\winclient.cpp(88): warning C4101: 'm' : unreferenced local variable
       Link:
         C:\Program Files (x86)\Microsoft Visual Studio 12.0\VC\bin\link.exe /ERRORREPORT:PROMPT /OUT:"C:\Users\Aravind Balla\Documents\rndsummer\client and server\socket_client\Debug\socket_client.exe" /INCREMENTAL /NOLOGO ws2_32.lib kernel32.lib user32.lib gdi32.lib winspool.lib comdlg32.lib advapi32.lib shell32.lib ole32.lib oleaut32.lib uuid.lib odbc32.lib odbccp32.lib /MANIFEST /MANIFESTUAC:"level='asInvoker' uiAccess='false'" /manifest:embed /DEBUG /PDB:"C:\Users\Aravind Balla\Documents\rndsummer\client and server\socket_client\Debug\socket_client.pdb" /SUBSYSTEM:CONSOLE /TLBID:1 /DYNAMICBASE /NXCOMPAT /IMPLIB:"C:\Users\Aravind Balla\Documents\rndsummer\client and server\socket_client\Debug\socket_client.lib" /MACHINE:X86 Debug\socket_client.obj
         Debug\stdafx.obj
         Debug\WinClient.obj
         socket_client.vcxproj -> C:\Users\Aravind Balla\Documents\rndsummer\client and server\socket_client\Debug\socket_client.exe
     1>Done Building Project "C:\Users\Aravind Balla\Documents\rndsummer\client and server\socket_client\socket_client\socket_client.vcxproj" (Build target(s)).

Build succeeded.

Time Elapsed 00:00:01.85
